INFO: Working on: cuda:0
INFO: Parallel training on multiple GPUs: [0, 1].
wandb: Currently logged in as: tobi-vm. Use `wandb login --relogin` to force relogin
wandb: wandb version 0.16.4 is available!  To upgrade, please run:
wandb:  $ pip install wandb --upgrade
wandb: Tracking run with wandb version 0.16.0
wandb: Run data is saved locally in /home/bbd0953/diffusion/src/wandb/run-20240308_145759-snnwgusx
wandb: Run `wandb offline` to turn off syncing.
wandb: Syncing run solar-violet-98
wandb: ⭐️ View project at https://wandb.ai/tobi-vm/Diffusion
wandb: 🚀 View run at https://wandb.ai/tobi-vm/Diffusion/runs/snnwgusx
INFO: Starting training loop at 14:58:03...
Training for 100_000 iterations - Starting from 0 - Remaining iterations 100_000
Loading images...
Data set initialized.
INFO: 15:08:38 - Running 0:10:34.998471 - Iteration 1000 - Loss: 5.19e-02 - 17:27:44.802000 remaining - 0:00:00.634998 per it.
INFO: 15:19:13 - Running 0:21:09.647166 - Iteration 2000 - Loss: 4.74e-02 - 17:16:52.752000 remaining - 0:00:00.634824 per it.
INFO: 15:24:46 - Iteration 2500 - Validation loss: 4.38e-02 - Validation EMA loss: 4.40e-02
INFO: 15:30:03 - Running 0:32:00.579378 - Iteration 3000 - Loss: 4.43e-02 - 17:14:58.721000 remaining - 0:00:00.640193 per it.
INFO: 15:40:40 - Running 0:42:36.833191 - Iteration 4000 - Loss: 4.55e-02 - 17:02:43.968000 remaining - 0:00:00.639208 per it.
INFO: 15:51:16 - Running 0:53:13.223580 - Iteration 5000 - Loss: 4.37e-02 - 16:51:11.275000 remaining - 0:00:00.638645 per it.
INFO: 15:51:33 - Iteration 5000 - Validation loss: 4.48e-02 - Validation EMA loss: 4.21e-02
INFO: 16:02:07 - Running 1:04:04.132106 - Iteration 6000 - Loss: 4.46e-02 - 16:43:44.766000 remaining - 0:00:00.640689 per it.
INFO: 16:13:50 - Running 1:15:46.683070 - Iteration 7000 - Loss: 4.32e-02 - 16:46:45.918000 remaining - 0:00:00.649526 per it.
INFO: 16:19:24 - Iteration 7500 - Validation loss: 4.28e-02 - Validation EMA loss: 4.20e-02
INFO: 16:24:42 - Running 1:26:38.919589 - Iteration 8000 - Loss: 3.60e-02 - 16:36:27.580000 remaining - 0:00:00.649865 per it.
INFO: 16:35:20 - Running 1:37:16.882756 - Iteration 9000 - Loss: 4.00e-02 - 16:23:37.413000 remaining - 0:00:00.648543 per it.
INFO: 16:45:58 - Running 1:47:54.754520 - Iteration 10000 - Loss: 4.05e-02 - 16:11:12.750000 remaining - 0:00:00.647475 per it.
INFO: 16:46:15 - Iteration 10000 - Validation loss: 4.15e-02 - Validation EMA loss: 4.05e-02
INFO: 16:56:50 - Running 1:58:47.261827 - Iteration 11000 - Loss: 4.23e-02 - 16:01:06.037000 remaining - 0:00:00.647933 per it.
INFO: 17:07:28 - Running 2:09:24.830367 - Iteration 12000 - Loss: 4.19e-02 - 15:49:02.072000 remaining - 0:00:00.647069 per it.
INFO: 17:13:02 - Iteration 12500 - Validation loss: 4.06e-02 - Validation EMA loss: 4.06e-02
INFO: 17:18:20 - Running 2:20:17.316639 - Iteration 13000 - Loss: 4.52e-02 - 15:38:51.282000 remaining - 0:00:00.647486 per it.
INFO: 17:28:57 - Running 2:30:54.511794 - Iteration 14000 - Loss: 4.84e-02 - 15:27:00.586000 remaining - 0:00:00.646751 per it.
INFO: 17:39:35 - Running 2:41:32.604960 - Iteration 15000 - Loss: 4.56e-02 - 15:15:24.790000 remaining - 0:00:00.646174 per it.
INFO: 17:39:52 - Iteration 15000 - Validation loss: 4.10e-02 - Validation EMA loss: 4.02e-02
INFO: 17:50:28 - Running 2:52:24.893608 - Iteration 16000 - Loss: 3.59e-02 - 15:05:10.704000 remaining - 0:00:00.646556 per it.
INFO: 18:01:05 - Running 3:03:02.468347 - Iteration 17000 - Loss: 4.11e-02 - 14:53:40.324000 remaining - 0:00:00.646028 per it.
INFO: 18:06:39 - Iteration 17500 - Validation loss: 4.05e-02 - Validation EMA loss: 3.99e-02
INFO: 18:11:57 - Running 3:13:53.899813 - Iteration 18000 - Loss: 4.01e-02 - 14:43:18.896000 remaining - 0:00:00.646328 per it.
INFO: 18:22:35 - Running 3:24:32.015715 - Iteration 19000 - Loss: 4.09e-02 - 14:31:57.576000 remaining - 0:00:00.645896 per it.
INFO: 18:33:13 - Running 3:35:09.833083 - Iteration 20000 - Loss: 4.10e-02 - 14:20:39.360000 remaining - 0:00:00.645492 per it.
INFO: 18:33:29 - Iteration 20000 - Validation loss: 3.98e-02 - Validation EMA loss: 3.98e-02
INFO: Saving snapshot at iteration 20000...
INFO: 18:44:05 - Running 3:46:02.121197 - Iteration 21000 - Loss: 4.45e-02 - 14:10:19.385000 remaining - 0:00:00.645815 per it.
INFO: 18:54:42 - Running 3:56:39.328857 - Iteration 22000 - Loss: 3.97e-02 - 13:59:03.072000 remaining - 0:00:00.645424 per it.
INFO: 19:00:16 - Iteration 22500 - Validation loss: 4.00e-02 - Validation EMA loss: 3.95e-02
INFO: 19:05:34 - Running 4:07:30.902821 - Iteration 23000 - Loss: 3.87e-02 - 13:48:38.207000 remaining - 0:00:00.645691 per it.
INFO: 19:16:11 - Running 4:18:08.230194 - Iteration 24000 - Loss: 4.42e-02 - 13:37:26.068000 remaining - 0:00:00.645343 per it.
INFO: 19:26:49 - Running 4:28:45.751378 - Iteration 25000 - Loss: 3.69e-02 - 13:26:17.250000 remaining - 0:00:00.645030 per it.
INFO: 19:27:05 - Iteration 25000 - Validation loss: 4.06e-02 - Validation EMA loss: 3.98e-02
INFO: 19:37:40 - Running 4:39:37.243412 - Iteration 26000 - Loss: 3.91e-02 - 13:15:50.646000 remaining - 0:00:00.645279 per it.
INFO: 19:48:18 - Running 4:50:15.065405 - Iteration 27000 - Loss: 3.95e-02 - 13:04:45.146000 remaining - 0:00:00.645002 per it.
INFO: 19:53:52 - Iteration 27500 - Validation loss: 4.01e-02 - Validation EMA loss: 4.02e-02
INFO: 19:59:10 - Running 5:01:07.121344 - Iteration 28000 - Loss: 3.90e-02 - 12:54:18.288000 remaining - 0:00:00.645254 per it.
INFO: 20:09:47 - Running 5:11:43.629362 - Iteration 29000 - Loss: 4.20e-02 - 12:43:11.663000 remaining - 0:00:00.644953 per it.
INFO: 20:20:23 - Running 5:22:20.431596 - Iteration 30000 - Loss: 3.82e-02 - 12:32:07.670000 remaining - 0:00:00.644681 per it.
INFO: 20:20:40 - Iteration 30000 - Validation loss: 3.98e-02 - Validation EMA loss: 3.98e-02
INFO: 20:31:15 - Running 5:33:12.225352 - Iteration 31000 - Loss: 3.73e-02 - 12:21:38.790000 remaining - 0:00:00.644910 per it.
INFO: 20:41:53 - Running 5:43:49.862858 - Iteration 32000 - Loss: 4.43e-02 - 12:10:38.444000 remaining - 0:00:00.644683 per it.
INFO: 20:47:27 - Iteration 32500 - Validation loss: 4.01e-02 - Validation EMA loss: 3.98e-02
INFO: 20:52:45 - Running 5:54:41.758018 - Iteration 33000 - Loss: 4.39e-02 - 12:00:08.434000 remaining - 0:00:00.644902 per it.
INFO: 21:03:22 - Running 6:05:18.895186 - Iteration 34000 - Loss: 3.74e-02 - 11:49:08.418000 remaining - 0:00:00.644673 per it.
INFO: 21:13:59 - Running 6:15:55.988428 - Iteration 35000 - Loss: 4.13e-02 - 11:38:09.705000 remaining - 0:00:00.644457 per it.
INFO: 21:14:15 - Iteration 35000 - Validation loss: 4.08e-02 - Validation EMA loss: 3.93e-02
INFO: 21:24:50 - Running 6:26:47.151887 - Iteration 36000 - Loss: 3.79e-02 - 11:27:37.152000 remaining - 0:00:00.644643 per it.
INFO: 21:35:27 - Running 6:37:24.236030 - Iteration 37000 - Loss: 3.77e-02 - 11:16:39.657000 remaining - 0:00:00.644439 per it.
INFO: 21:41:01 - Iteration 37500 - Validation loss: 3.94e-02 - Validation EMA loss: 3.91e-02
INFO: 21:46:19 - Running 6:48:16.286386 - Iteration 38000 - Loss: 4.28e-02 - 11:06:07.618000 remaining - 0:00:00.644639 per it.
INFO: 21:56:56 - Running 6:58:53.544579 - Iteration 39000 - Loss: 3.66e-02 - 10:55:11.450000 remaining - 0:00:00.644450 per it.
INFO: 22:07:34 - Running 7:09:31.115209 - Iteration 40000 - Loss: 3.50e-02 - 10:44:16.680000 remaining - 0:00:00.644278 per it.
INFO: 22:07:51 - Iteration 40000 - Validation loss: 3.86e-02 - Validation EMA loss: 3.94e-02
INFO: Saving snapshot at iteration 40000...
INFO: 22:18:26 - Running 7:20:23.510763 - Iteration 41000 - Loss: 3.89e-02 - 10:33:44.084000 remaining - 0:00:00.644476 per it.
INFO: 22:29:04 - Running 7:31:00.699823 - Iteration 42000 - Loss: 4.17e-02 - 10:22:49.516000 remaining - 0:00:00.644302 per it.
INFO: 22:34:38 - Iteration 42500 - Validation loss: 3.87e-02 - Validation EMA loss: 4.03e-02
INFO: 22:39:56 - Running 7:41:52.741907 - Iteration 43000 - Loss: 3.52e-02 - 10:12:15.474000 remaining - 0:00:00.644482 per it.
INFO: 22:50:33 - Running 7:52:29.862961 - Iteration 44000 - Loss: 3.91e-02 - 10:01:21.640000 remaining - 0:00:00.644315 per it.
INFO: 23:01:10 - Running 8:03:07.281011 - Iteration 45000 - Loss: 3.66e-02 - 9:50:28.910000 remaining - 0:00:00.644162 per it.
INFO: 23:01:27 - Iteration 45000 - Validation loss: 4.04e-02 - Validation EMA loss: 4.07e-02
INFO: 23:12:02 - Running 8:13:59.286086 - Iteration 46000 - Loss: 3.85e-02 - 9:39:53.928000 remaining - 0:00:00.644332 per it.
INFO: 23:22:40 - Running 8:24:36.785102 - Iteration 47000 - Loss: 4.03e-02 - 9:29:01.911000 remaining - 0:00:00.644187 per it.
INFO: 23:28:14 - Iteration 47500 - Validation loss: 4.04e-02 - Validation EMA loss: 3.94e-02
INFO: 23:33:32 - Running 8:35:28.802185 - Iteration 48000 - Loss: 3.81e-02 - 9:18:26.200000 remaining - 0:00:00.644350 per it.
INFO: 23:44:09 - Running 8:46:06.366816 - Iteration 49000 - Loss: 4.08e-02 - 9:07:34.812000 remaining - 0:00:00.644212 per it.
INFO: 23:54:47 - Running 8:56:43.779343 - Iteration 50000 - Loss: 3.64e-02 - 8:56:43.800000 remaining - 0:00:00.644076 per it.
INFO: 23:55:03 - Iteration 50000 - Validation loss: 3.92e-02 - Validation EMA loss: 3.90e-02
INFO: 00:05:38 - Running 9:07:35.450368 - Iteration 51000 - Loss: 4.11e-02 - 8:46:07.025000 remaining - 0:00:00.644225 per it.
INFO: 00:16:16 - Running 9:18:12.729710 - Iteration 52000 - Loss: 3.84e-02 - 8:35:16.368000 remaining - 0:00:00.644091 per it.
INFO: 00:21:49 - Iteration 52500 - Validation loss: 3.99e-02 - Validation EMA loss: 4.03e-02
INFO: 00:27:07 - Running 9:29:04.463264 - Iteration 53000 - Loss: 3.70e-02 - 8:24:39.045000 remaining - 0:00:00.644235 per it.
INFO: 00:37:45 - Running 9:39:41.892343 - Iteration 54000 - Loss: 3.79e-02 - 8:13:49.014000 remaining - 0:00:00.644109 per it.
INFO: 00:48:22 - Running 9:50:19.246214 - Iteration 55000 - Loss: 3.85e-02 - 8:02:59.370000 remaining - 0:00:00.643986 per it.
INFO: 00:48:39 - Iteration 55000 - Validation loss: 3.93e-02 - Validation EMA loss: 3.92e-02
INFO: 00:59:14 - Running 10:01:11.316850 - Iteration 56000 - Loss: 3.87e-02 - 7:52:21.764000 remaining - 0:00:00.644131 per it.
INFO: 01:09:51 - Running 10:11:48.249846 - Iteration 57000 - Loss: 3.90e-02 - 7:41:32.172000 remaining - 0:00:00.644004 per it.
INFO: 01:15:25 - Iteration 57500 - Validation loss: 4.04e-02 - Validation EMA loss: 3.95e-02
INFO: 01:20:42 - Running 10:22:39.387338 - Iteration 58000 - Loss: 4.05e-02 - 7:30:53.334000 remaining - 0:00:00.644127 per it.
INFO: 01:31:20 - Running 10:33:17.055347 - Iteration 59000 - Loss: 4.41e-02 - 7:20:04.738000 remaining - 0:00:00.644018 per it.
INFO: 01:41:58 - Running 10:43:54.731608 - Iteration 60000 - Loss: 4.19e-02 - 7:09:16.480000 remaining - 0:00:00.643912 per it.
INFO: 01:42:14 - Iteration 60000 - Validation loss: 3.92e-02 - Validation EMA loss: 3.89e-02
INFO: Saving snapshot at iteration 60000...
INFO: 01:52:50 - Running 10:54:47.118153 - Iteration 61000 - Loss: 3.95e-02 - 6:58:37.989000 remaining - 0:00:00.644051 per it.
INFO: 02:03:27 - Running 11:05:24.410127 - Iteration 62000 - Loss: 4.01e-02 - 6:47:49.796000 remaining - 0:00:00.643942 per it.
INFO: 02:09:02 - Iteration 62500 - Validation loss: 4.04e-02 - Validation EMA loss: 3.92e-02
INFO: 02:14:19 - Running 11:16:16.246465 - Iteration 63000 - Loss: 3.71e-02 - 6:37:10.479000 remaining - 0:00:00.644067 per it.
INFO: 02:24:56 - Running 11:26:53.491737 - Iteration 64000 - Loss: 3.49e-02 - 6:26:22.596000 remaining - 0:00:00.643961 per it.
INFO: 02:35:34 - Running 11:37:30.948397 - Iteration 65000 - Loss: 4.01e-02 - 6:15:35.135000 remaining - 0:00:00.643861 per it.
INFO: 02:35:50 - Iteration 65000 - Validation loss: 3.86e-02 - Validation EMA loss: 3.93e-02
INFO: 02:46:25 - Running 11:48:22.467120 - Iteration 66000 - Loss: 3.58e-02 - 6:04:55.218000 remaining - 0:00:00.643977 per it.
INFO: 02:57:02 - Running 11:58:59.519442 - Iteration 67000 - Loss: 4.45e-02 - 5:54:07.809000 remaining - 0:00:00.643873 per it.
INFO: 03:02:37 - Iteration 67500 - Validation loss: 3.96e-02 - Validation EMA loss: 4.02e-02
INFO: 03:07:54 - Running 12:09:51.252204 - Iteration 68000 - Loss: 3.64e-02 - 5:43:27.648000 remaining - 0:00:00.643989 per it.
INFO: 03:18:32 - Running 12:20:29.076780 - Iteration 69000 - Loss: 3.95e-02 - 5:32:40.900000 remaining - 0:00:00.643900 per it.
INFO: 03:29:09 - Running 12:31:06.223955 - Iteration 70000 - Loss: 3.65e-02 - 5:21:54.090000 remaining - 0:00:00.643803 per it.
INFO: 03:29:26 - Iteration 70000 - Validation loss: 3.97e-02 - Validation EMA loss: 3.88e-02
INFO: 03:40:01 - Running 12:41:57.726855 - Iteration 71000 - Loss: 3.55e-02 - 5:11:13.448000 remaining - 0:00:00.643912 per it.
INFO: 03:50:38 - Running 12:52:34.979230 - Iteration 72000 - Loss: 3.91e-02 - 5:00:26.932000 remaining - 0:00:00.643819 per it.
INFO: 03:56:12 - Iteration 72500 - Validation loss: 3.87e-02 - Validation EMA loss: 3.85e-02
INFO: 04:01:30 - Running 13:03:26.682382 - Iteration 73000 - Loss: 4.23e-02 - 4:49:46.029000 remaining - 0:00:00.643927 per it.
INFO: 04:12:07 - Running 13:14:04.050282 - Iteration 74000 - Loss: 3.31e-02 - 4:38:59.814000 remaining - 0:00:00.643839 per it.
INFO: 04:22:44 - Running 13:24:41.196930 - Iteration 75000 - Loss: 3.78e-02 - 4:28:13.725000 remaining - 0:00:00.643749 per it.
INFO: 04:23:01 - Iteration 75000 - Validation loss: 3.89e-02 - Validation EMA loss: 3.93e-02
INFO: 04:33:36 - Running 13:35:33.247960 - Iteration 76000 - Loss: 4.18e-02 - 4:17:32.616000 remaining - 0:00:00.643859 per it.
INFO: 04:44:13 - Running 13:46:10.543405 - Iteration 77000 - Loss: 4.00e-02 - 4:06:46.779000 remaining - 0:00:00.643773 per it.
INFO: 04:49:47 - Iteration 77500 - Validation loss: 3.97e-02 - Validation EMA loss: 3.86e-02
INFO: 04:55:05 - Running 13:57:01.943838 - Iteration 78000 - Loss: 3.95e-02 - 3:56:05.162000 remaining - 0:00:00.643871 per it.
INFO: 05:05:42 - Running 14:07:39.205924 - Iteration 79000 - Loss: 4.13e-02 - 3:45:19.527000 remaining - 0:00:00.643787 per it.
INFO: 05:16:19 - Running 14:18:16.564436 - Iteration 80000 - Loss: 4.02e-02 - 3:34:34.140000 remaining - 0:00:00.643707 per it.
INFO: 05:16:36 - Iteration 80000 - Validation loss: 3.81e-02 - Validation EMA loss: 3.94e-02
INFO: Saving snapshot at iteration 80000...
INFO: 05:27:12 - Running 14:29:08.940800 - Iteration 81000 - Loss: 3.72e-02 - 3:23:52.466000 remaining - 0:00:00.643814 per it.
INFO: 05:37:49 - Running 14:39:46.316432 - Iteration 82000 - Loss: 4.00e-02 - 3:13:07.248000 remaining - 0:00:00.643736 per it.
INFO: 05:43:23 - Iteration 82500 - Validation loss: 3.91e-02 - Validation EMA loss: 3.89e-02
INFO: 05:48:41 - Running 14:50:37.988446 - Iteration 83000 - Loss: 3.62e-02 - 3:02:25.127000 remaining - 0:00:00.643831 per it.
INFO: 05:59:19 - Running 15:01:15.744201 - Iteration 84000 - Loss: 4.00e-02 - 2:51:40.144000 remaining - 0:00:00.643759 per it.
INFO: 06:09:56 - Running 15:11:53.097715 - Iteration 85000 - Loss: 3.39e-02 - 2:40:55.260000 remaining - 0:00:00.643684 per it.
INFO: 06:10:12 - Iteration 85000 - Validation loss: 3.93e-02 - Validation EMA loss: 3.88e-02
INFO: 06:20:48 - Running 15:22:44.755973 - Iteration 86000 - Loss: 4.38e-02 - 2:30:12.864000 remaining - 0:00:00.643776 per it.
INFO: 06:31:25 - Running 15:33:21.687047 - Iteration 87000 - Loss: 3.88e-02 - 2:19:28.074000 remaining - 0:00:00.643698 per it.
INFO: 06:36:58 - Iteration 87500 - Validation loss: 3.90e-02 - Validation EMA loss: 3.95e-02
INFO: 06:42:16 - Running 15:44:12.683163 - Iteration 88000 - Loss: 3.57e-02 - 2:08:45.360000 remaining - 0:00:00.643780 per it.
INFO: 06:52:53 - Running 15:54:49.841314 - Iteration 89000 - Loss: 3.67e-02 - 1:58:00.766000 remaining - 0:00:00.643706 per it.
INFO: 07:03:30 - Running 16:05:27.348187 - Iteration 90000 - Loss: 3.79e-02 - 1:47:16.370000 remaining - 0:00:00.643637 per it.
INFO: 07:03:47 - Iteration 90000 - Validation loss: 3.92e-02 - Validation EMA loss: 3.88e-02
INFO: 07:14:22 - Running 16:16:19.158068 - Iteration 91000 - Loss: 4.14e-02 - 1:36:33.543000 remaining - 0:00:00.643727 per it.
INFO: 07:24:59 - Running 16:26:56.351632 - Iteration 92000 - Loss: 3.95e-02 - 1:25:49.248000 remaining - 0:00:00.643656 per it.
INFO: 07:30:33 - Iteration 92500 - Validation loss: 3.90e-02 - Validation EMA loss: 3.81e-02
INFO: 07:35:51 - Running 16:37:48.002981 - Iteration 93000 - Loss: 3.81e-02 - 1:15:06.194000 remaining - 0:00:00.643742 per it.
INFO: 07:46:28 - Running 16:48:25.216371 - Iteration 94000 - Loss: 4.24e-02 - 1:04:22.038000 remaining - 0:00:00.643673 per it.
INFO: 07:57:06 - Running 16:59:02.809575 - Iteration 95000 - Loss: 4.10e-02 - 0:53:38.045000 remaining - 0:00:00.643609 per it.
INFO: 07:57:22 - Iteration 95000 - Validation loss: 3.92e-02 - Validation EMA loss: 3.90e-02
INFO: 08:07:57 - Running 17:09:54.536543 - Iteration 96000 - Loss: 4.11e-02 - 0:42:54.772000 remaining - 0:00:00.643693 per it.
INFO: 08:18:35 - Running 17:20:32.273753 - Iteration 97000 - Loss: 4.24e-02 - 0:32:10.896000 remaining - 0:00:00.643632 per it.
INFO: 08:24:09 - Iteration 97500 - Validation loss: 3.89e-02 - Validation EMA loss: 3.88e-02
INFO: 08:29:27 - Running 17:31:24.048080 - Iteration 98000 - Loss: 3.63e-02 - 0:21:27.430000 remaining - 0:00:00.643715 per it.
INFO: 08:40:05 - Running 17:42:02.044000 - Iteration 99000 - Loss: 3.63e-02 - 0:10:43.657000 remaining - 0:00:00.643657 per it.
INFO: 08:50:42 - Running 17:52:39.589220 - Iteration 100000 - Loss: 4.03e-02 - 0:00:00 remaining - 0:00:00.643596 per it.
INFO: 08:50:59 - Iteration 100000 - Validation loss: 3.98e-02 - Validation EMA loss: 3.89e-02
INFO: Saving snapshot at iteration 100000...
INFO: Training time 17:52:56.883939 - Done!
wandb: WARNING No program path found, not creating job artifact. See https://docs.wandb.ai/guides/launch/create-job
wandb: - 0.005 MB of 0.005 MB uploadedwandb: \ 0.005 MB of 0.032 MB uploadedwandb: | 0.033 MB of 0.033 MB uploadedwandb: / 0.033 MB of 0.033 MB uploadedwandb: 
wandb: Run history:
wandb:         loss █▆▇▃▄▅▂▆▆▅▄▄▇▃▆▁▄▆▆▃▄▄▅▇▆▄▄▂▃▅▆▆▅▆▄▄▂▂▃▃
wandb:     val_loss ▇█▆▅▄▄▄▃▃▄▃▃▃▄▂▂▂▃▃▂▃▂▃▂▃▂▃▃▂▂▃▁▂▂▂▂▂▂▂▃
wandb: val_loss_ema █▆▆▄▄▄▃▃▃▃▃▃▃▂▂▃▄▄▃▂▄▂▃▂▂▂▃▂▂▂▂▃▂▂▃▂▁▂▂▂
wandb: 
wandb: Run summary:
wandb:         loss 0.04034
wandb:     val_loss 0.03978
wandb: val_loss_ema 0.03886
wandb: 
wandb: 🚀 View run solar-violet-98 at: https://wandb.ai/tobi-vm/Diffusion/runs/snnwgusx
wandb: Synced 6 W&B file(s), 0 media file(s), 0 artifact file(s) and 0 other file(s)
wandb: Find logs at: ./wandb/run-20240308_145759-snnwgusx/logs
